Warning: ignoring unsupported tag `ALLOW_UNICODE_NAMES    =' at line 13, file Doxyfile
Warning: ignoring unsupported tag `GROUP_NESTED_COMPOUNDS =' at line 54, file Doxyfile
Warning: ignoring unsupported tag `HIDE_COMPOUND_REFERENCE=' at line 77, file Doxyfile
Warning: ignoring unsupported tag `WARN_AS_ERROR          =' at line 108, file Doxyfile
Warning: Tag `CLANG_ASSISTED_PARSING' at line 143 of file Doxyfile belongs to an option that was not enabled at compile time.
To avoid this warning please remove this line from your configuration file, upgrade it using "doxygen -u", or recompile doxygen with this feature enabled.
Warning: Tag `CLANG_OPTIONS' at line 144 of file Doxyfile belongs to an option that was not enabled at compile time.
To avoid this warning please remove this line from your configuration file, upgrade it using "doxygen -u", or recompile doxygen with this feature enabled.
Warning: ignoring unsupported tag `LATEX_EXTRA_STYLESHEET =' at line 221, file Doxyfile
Warning: ignoring unsupported tag `LATEX_TIMESTAMP        =' at line 229, file Doxyfile
Warning: ignoring unsupported tag `RTF_SOURCE_CODE        =' at line 239, file Doxyfile
Warning: ignoring unsupported tag `MAN_SUBDIR             =' at line 246, file Doxyfile
Warning: ignoring unsupported tag `DOCBOOK_PROGRAMLISTING =' at line 259, file Doxyfile
Warning: ignoring unsupported tag `PLANTUML_JAR_PATH      =' at line 322, file Doxyfile
Warning: ignoring unsupported tag `PLANTUML_INCLUDE_PATH  =' at line 323, file Doxyfile
Notice: Output directory `docs' does not exist. I have created it for you.
Searching for include files...
Searching for example files...
Searching for images...
Searching for dot files...
Searching for msc files...
Searching for dia files...
Searching for files to exclude
Searching for files to process...
Searching for files in directory /home/travis/build/lnupmi11/CodeGen
Searching for files in directory /home/travis/build/lnupmi11/CodeGen/bin
Searching for files in directory /home/travis/build/lnupmi11/CodeGen/bin/Debug
Searching for files in directory /home/travis/build/lnupmi11/CodeGen/bin/Debug/netcoreapp2.0
Searching for files in directory /home/travis/build/lnupmi11/CodeGen/code_docs
Searching for files in directory /home/travis/build/lnupmi11/CodeGen/code_docs/CodeGen
Searching for files in directory /home/travis/build/lnupmi11/CodeGen/code_docs/CodeGen/docs
Searching for files in directory /home/travis/build/lnupmi11/CodeGen/deploy
Searching for files in directory /home/travis/build/lnupmi11/CodeGen/docs
Searching for files in directory /home/travis/build/lnupmi11/CodeGen/examples
Searching for files in directory /home/travis/build/lnupmi11/CodeGen/generators
Searching for files in directory /home/travis/build/lnupmi11/CodeGen/obj
Searching for files in directory /home/travis/build/lnupmi11/CodeGen/obj/Debug
Searching for files in directory /home/travis/build/lnupmi11/CodeGen/obj/Debug/netcoreapp2.0
Searching for files in directory /home/travis/build/lnupmi11/CodeGen/parser
Searching for files in directory /home/travis/build/lnupmi11/CodeGen/tests
Searching for files in directory /home/travis/build/lnupmi11/CodeGen/tests/generators
Searching for files in directory /home/travis/build/lnupmi11/CodeGen/tests/parser
Searching for files in directory /home/travis/build/lnupmi11/CodeGen/utils
Reading and parsing tag files
Parsing files
Preprocessing /home/travis/build/lnupmi11/CodeGen/Execute.cs...
Parsing file /home/travis/build/lnupmi11/CodeGen/Execute.cs...
Preprocessing /home/travis/build/lnupmi11/CodeGen/generators/CppGenerator.cs...
Parsing file /home/travis/build/lnupmi11/CodeGen/generators/CppGenerator.cs...
Preprocessing /home/travis/build/lnupmi11/CodeGen/generators/CSharp.cs...
Parsing file /home/travis/build/lnupmi11/CodeGen/generators/CSharp.cs...
Preprocessing /home/travis/build/lnupmi11/CodeGen/generators/ES6.cs...
Parsing file /home/travis/build/lnupmi11/CodeGen/generators/ES6.cs...
Preprocessing /home/travis/build/lnupmi11/CodeGen/generators/GeneratorConf.cs...
Parsing file /home/travis/build/lnupmi11/CodeGen/generators/GeneratorConf.cs...
Preprocessing /home/travis/build/lnupmi11/CodeGen/generators/Go.cs...
Parsing file /home/travis/build/lnupmi11/CodeGen/generators/Go.cs...
Preprocessing /home/travis/build/lnupmi11/CodeGen/generators/Groovy.cs...
Parsing file /home/travis/build/lnupmi11/CodeGen/generators/Groovy.cs...
Preprocessing /home/travis/build/lnupmi11/CodeGen/generators/Java.cs...
Parsing file /home/travis/build/lnupmi11/CodeGen/generators/Java.cs...
Preprocessing /home/travis/build/lnupmi11/CodeGen/generators/Models.cs...
Parsing file /home/travis/build/lnupmi11/CodeGen/generators/Models.cs...
Preprocessing /home/travis/build/lnupmi11/CodeGen/generators/Python.cs...
Parsing file /home/travis/build/lnupmi11/CodeGen/generators/Python.cs...
Preprocessing /home/travis/build/lnupmi11/CodeGen/generators/Ruby.cs...
Parsing file /home/travis/build/lnupmi11/CodeGen/generators/Ruby.cs...
Preprocessing /home/travis/build/lnupmi11/CodeGen/generators/VB.cs...
Parsing file /home/travis/build/lnupmi11/CodeGen/generators/VB.cs...
Preprocessing /home/travis/build/lnupmi11/CodeGen/obj/Debug/netcoreapp2.0/CodeGen.AssemblyInfo.cs...
Parsing file /home/travis/build/lnupmi11/CodeGen/obj/Debug/netcoreapp2.0/CodeGen.AssemblyInfo.cs...
Preprocessing /home/travis/build/lnupmi11/CodeGen/parser/Parser.cs...
Parsing file /home/travis/build/lnupmi11/CodeGen/parser/Parser.cs...
Preprocessing /home/travis/build/lnupmi11/CodeGen/Program.cs...
Parsing file /home/travis/build/lnupmi11/CodeGen/Program.cs...
Reading /home/travis/build/lnupmi11/CodeGen/README.md...
Preprocessing /home/travis/build/lnupmi11/CodeGen/tests/generators/GeneratorConfTest.cs...
Parsing file /home/travis/build/lnupmi11/CodeGen/tests/generators/GeneratorConfTest.cs...
Preprocessing /home/travis/build/lnupmi11/CodeGen/tests/parser/ParserTest.cs...
Parsing file /home/travis/build/lnupmi11/CodeGen/tests/parser/ParserTest.cs...
Preprocessing /home/travis/build/lnupmi11/CodeGen/utils/Utils.cs...
Parsing file /home/travis/build/lnupmi11/CodeGen/utils/Utils.cs...
Building group list...
Building directory list...
Building namespace list...
Building file list...
Building class list...
Associating documentation with classes...
Computing nesting relations for classes...
Building example list...
Searching for enumerations...
Searching for documented typedefs...
Searching for members imported via using declarations...
Searching for included using directives...
Searching for documented variables...
Building interface member list...
Building member list...
Searching for friends...
Searching for documented defines...
Computing class inheritance relations...
Computing class usage relations...
Flushing cached template relations that have become invalid...
Creating members for template instances...
Computing class relations...
Add enum values to enums...
Searching for member function documentation...
Building page list...
Search for main page...
Computing page relations...
Determining the scope of groups...
Sorting lists...
Freeing entry tree
Determining which enums are documented
Computing member relations...
Building full member lists recursively...
Adding members to member groups.
Computing member references...
Inheriting documentation...
Generating disk names...
Adding source references...
Adding xrefitems...
Sorting member lists...
Computing dependencies between directories...
Generating citations page...
Counting data structures...
Resolving user defined references...
Finding anchors and sections in the documentation...
Transferring function references...
Combining using relations...
Adding members to index pages...
Generating style sheet...
Generating search indices...
Generating example documentation...
Generating file sources...
Generating code for file /home/travis/build/lnupmi11/CodeGen/Execute.cs...
Generating code for file /home/travis/build/lnupmi11/CodeGen/generators/CppGenerator.cs...
Generating code for file /home/travis/build/lnupmi11/CodeGen/generators/CSharp.cs...
Generating code for file /home/travis/build/lnupmi11/CodeGen/generators/ES6.cs...
Generating code for file /home/travis/build/lnupmi11/CodeGen/generators/GeneratorConf.cs...
Generating code for file /home/travis/build/lnupmi11/CodeGen/generators/Go.cs...
Generating code for file /home/travis/build/lnupmi11/CodeGen/generators/Groovy.cs...
Generating code for file /home/travis/build/lnupmi11/CodeGen/generators/Java.cs...
Generating code for file /home/travis/build/lnupmi11/CodeGen/generators/Models.cs...
Generating code for file /home/travis/build/lnupmi11/CodeGen/generators/Python.cs...
Generating code for file /home/travis/build/lnupmi11/CodeGen/generators/Ruby.cs...
Generating code for file /home/travis/build/lnupmi11/CodeGen/generators/VB.cs...
Generating code for file /home/travis/build/lnupmi11/CodeGen/obj/Debug/netcoreapp2.0/CodeGen.AssemblyInfo.cs...
Generating code for file /home/travis/build/lnupmi11/CodeGen/parser/Parser.cs...
Generating code for file /home/travis/build/lnupmi11/CodeGen/Program.cs...
Generating code for file /home/travis/build/lnupmi11/CodeGen/README.md...
Generating code for file /home/travis/build/lnupmi11/CodeGen/tests/generators/GeneratorConfTest.cs...
Generating code for file /home/travis/build/lnupmi11/CodeGen/tests/parser/ParserTest.cs...
Generating code for file /home/travis/build/lnupmi11/CodeGen/utils/Utils.cs...
Generating file documentation...
Generating docs for file /home/travis/build/lnupmi11/CodeGen/Execute.cs...
Generating docs for file /home/travis/build/lnupmi11/CodeGen/generators/CppGenerator.cs...
Generating docs for file /home/travis/build/lnupmi11/CodeGen/generators/CSharp.cs...
Generating docs for file /home/travis/build/lnupmi11/CodeGen/generators/ES6.cs...
Generating docs for file /home/travis/build/lnupmi11/CodeGen/generators/GeneratorConf.cs...
Generating docs for file /home/travis/build/lnupmi11/CodeGen/generators/Go.cs...
Generating docs for file /home/travis/build/lnupmi11/CodeGen/generators/Groovy.cs...
Generating docs for file /home/travis/build/lnupmi11/CodeGen/generators/Java.cs...
Generating docs for file /home/travis/build/lnupmi11/CodeGen/generators/Models.cs...
Generating docs for file /home/travis/build/lnupmi11/CodeGen/generators/Python.cs...
Generating docs for file /home/travis/build/lnupmi11/CodeGen/generators/Ruby.cs...
Generating docs for file /home/travis/build/lnupmi11/CodeGen/generators/VB.cs...
Generating docs for file /home/travis/build/lnupmi11/CodeGen/obj/Debug/netcoreapp2.0/CodeGen.AssemblyInfo.cs...
Generating docs for file /home/travis/build/lnupmi11/CodeGen/parser/Parser.cs...
Generating docs for file /home/travis/build/lnupmi11/CodeGen/Program.cs...
Generating docs for file /home/travis/build/lnupmi11/CodeGen/README.md...
Generating docs for file /home/travis/build/lnupmi11/CodeGen/tests/generators/GeneratorConfTest.cs...
Generating docs for file /home/travis/build/lnupmi11/CodeGen/tests/parser/ParserTest.cs...
Generating docs for file /home/travis/build/lnupmi11/CodeGen/utils/Utils.cs...
Generating page documentation...
Generating docs for page md__home_travis_build_lnupmi11_CodeGen_README...
Generating docs for page todo...
Generating group documentation...
Generating class documentation...
Generating namespace index...
Generating docs for namespace CodeGen
Generating docs for namespace CodeGen::generators
Generating docs for compound CodeGen::generators::CppGenerator...
Generating docs for compound CodeGen::generators::CSharpGenerator...
Generating call graph for function CodeGen.generators.CSharpGenerator.GenerateClass
Generating docs for compound CodeGen::generators::Es6Generator...
Generating call graph for function CodeGen.generators.Es6Generator.GenerateClass
Generating docs for compound CodeGen::generators::Generator...
Generating docs for compound CodeGen::generators::Normalizer...
Generating docs for compound CodeGen::generators::Languange...
Generating docs for compound CodeGen::generators::GeneratorConf...
Generating caller graph for function CodeGen.generators.GeneratorConf.GetLanguage
Generating caller graph for function CodeGen.generators.GeneratorConf.ShiftCode
Generating docs for compound CodeGen::generators::GoGenerator...
Generating docs for compound CodeGen::generators::GroovyGenerator...
Generating call graph for function CodeGen.generators.GroovyGenerator.GenerateClass
Generating docs for compound CodeGen::generators::JavaGenerator...
Generating call graph for function CodeGen.generators.JavaGenerator.GenerateClass
Generating docs for compound CodeGen::generators::JavaNormalizer...
Generating docs for compound CodeGen::generators::Package...
Generating docs for compound CodeGen::generators::Class...
Generating docs for compound CodeGen::generators::Variable...
Generating docs for compound CodeGen::generators::Field...
Generating docs for compound CodeGen::generators::Parameter...
Generating docs for compound CodeGen::generators::Method...
Generating docs for compound CodeGen::generators::PythonGenerator...
Generating call graph for function CodeGen.generators.PythonGenerator.GenerateClass
Generating docs for compound CodeGen::generators::RubyGenerator...
Generating call graph for function CodeGen.generators.RubyGenerator.GenerateClass
Generating docs for compound CodeGen::generators::VbGenerator...
Generating call graph for function CodeGen.generators.VbGenerator.GenerateClass
Generating docs for compound CodeGen::generators::VbNormalizer...
Generating docs for namespace CodeGen::parser
Generating docs for compound CodeGen::parser::Parser...
Generating docs for namespace CodeGen::tests
Generating docs for namespace CodeGen::tests::generators
Generating docs for compound CodeGen::tests::generators::GeneratorConfTest...
Generating call graph for function CodeGen.tests.generators.GeneratorConfTest.GetLanguageTest
Generating docs for namespace CodeGen::tests::parser
Generating docs for compound CodeGen::tests::parser::ParserTest...
Generating docs for namespace CodeGen::utils
Generating graph info page...
Generating directory documentation...
Generating dependency graph for directory /home/travis/build/lnupmi11/CodeGen/obj/Debug
Generating dependency graph for directory /home/travis/build/lnupmi11/CodeGen/tests/generators
Generating dependency graph for directory /home/travis/build/lnupmi11/CodeGen/generators
Generating dependency graph for directory /home/travis/build/lnupmi11/CodeGen/obj/Debug/netcoreapp2.0
Generating dependency graph for directory /home/travis/build/lnupmi11/CodeGen/obj
Generating dependency graph for directory /home/travis/build/lnupmi11/CodeGen/tests/parser
Generating dependency graph for directory /home/travis/build/lnupmi11/CodeGen/parser
Generating dependency graph for directory /home/travis/build/lnupmi11/CodeGen/tests
Generating dependency graph for directory /home/travis/build/lnupmi11/CodeGen/utils
Generating index page...
Generating page index...
Generating module index...
Generating namespace index...
Generating namespace member index...
Generating annotated compound index...
Generating alphabetical compound index...
Generating hierarchical class index...
Generating graphical class hierarchy...
Generating member index...
Generating file index...
Generating file member index...
Generating example index...
finalizing index lists...
Running dot...
Generating dot graphs using 33 parallel threads...
Running dot for graph 1/71
Running dot for graph 2/71
Running dot for graph 3/71
Running dot for graph 4/71
Running dot for graph 5/71
Running dot for graph 6/71
Running dot for graph 7/71
Running dot for graph 8/71
Running dot for graph 9/71
Running dot for graph 10/71
Running dot for graph 11/71
Running dot for graph 12/71
Running dot for graph 13/71
Running dot for graph 14/71
Running dot for graph 15/71
Running dot for graph 16/71
Running dot for graph 17/71
Running dot for graph 18/71
Running dot for graph 19/71
Running dot for graph 20/71
Running dot for graph 21/71
Running dot for graph 22/71
Running dot for graph 23/71
Running dot for graph 24/71
Running dot for graph 25/71
Running dot for graph 26/71
Running dot for graph 27/71
Running dot for graph 28/71
Running dot for graph 29/71
Running dot for graph 30/71
Running dot for graph 31/71
Running dot for graph 32/71
Running dot for graph 33/71
Running dot for graph 34/71
Running dot for graph 35/71
Running dot for graph 36/71
Running dot for graph 37/71
Running dot for graph 38/71
Running dot for graph 39/71
Running dot for graph 40/71
Running dot for graph 41/71
Running dot for graph 42/71
Running dot for graph 43/71
Running dot for graph 44/71
Running dot for graph 45/71
Running dot for graph 46/71
Running dot for graph 47/71
Running dot for graph 48/71
Running dot for graph 49/71
Running dot for graph 50/71
Running dot for graph 51/71
Running dot for graph 52/71
Running dot for graph 53/71
Running dot for graph 54/71
Running dot for graph 55/71
Running dot for graph 56/71
Running dot for graph 57/71
Running dot for graph 58/71
Running dot for graph 59/71
Running dot for graph 60/71
Running dot for graph 61/71
Running dot for graph 62/71
Running dot for graph 63/71
Running dot for graph 64/71
Running dot for graph 65/71
Running dot for graph 66/71
Running dot for graph 67/71
Running dot for graph 68/71
Running dot for graph 69/71
Running dot for graph 70/71
Running dot for graph 71/71
Patching output file 1/34
Patching output file 2/34
Patching output file 3/34
Patching output file 4/34
Patching output file 5/34
Patching output file 6/34
Patching output file 7/34
Patching output file 8/34
Patching output file 9/34
Patching output file 10/34
Patching output file 11/34
Patching output file 12/34
Patching output file 13/34
Patching output file 14/34
Patching output file 15/34
Patching output file 16/34
Patching output file 17/34
Patching output file 18/34
Patching output file 19/34
Patching output file 20/34
Patching output file 21/34
Patching output file 22/34
Patching output file 23/34
Patching output file 24/34
Patching output file 25/34
Patching output file 26/34
Patching output file 27/34
Patching output file 28/34
Patching output file 29/34
Patching output file 30/34
Patching output file 31/34
Patching output file 32/34
Patching output file 33/34
Patching output file 34/34
lookup cache used 794/65536 hits=2475 misses=814
finished...
